[debug] [2022-12-19T16:02:01.647Z] ----------------------------------------------------------------------
[debug] [2022-12-19T16:02:01.649Z] Command:       C:\Program Files\nodejs\node.exe C:\Users\kille\AppData\Roaming\npm\node_modules\firebase-tools\lib\bin\firebase.js deploy
[debug] [2022-12-19T16:02:01.649Z] CLI Version:   11.18.0
[debug] [2022-12-19T16:02:01.649Z] Platform:      win32
[debug] [2022-12-19T16:02:01.649Z] Node Version:  v16.18.0
[debug] [2022-12-19T16:02:01.650Z] Time:          Mon Dec 19 2022 21:32:01 GMT+0530 (India Standard Time)
[debug] [2022-12-19T16:02:01.650Z] ----------------------------------------------------------------------
[debug] 
[debug] [2022-12-19T16:02:01.741Z] > command requires scopes: ["email","openid","https://www.googleapis.com/auth/cloudplatformprojects.readonly","https://www.googleapis.com/auth/firebase","https://www.googleapis.com/auth/cloud-platform"]
[debug] [2022-12-19T16:02:01.742Z] > authorizing via signed-in user (arjavatripathi5@gmail.com)
[debug] [2022-12-19T16:02:01.742Z] [iam] checking project stockrain-3d18d for permissions ["cloudfunctions.functions.create","cloudfunctions.functions.delete","cloudfunctions.functions.get","cloudfunctions.functions.list","cloudfunctions.functions.update","cloudfunctions.operations.get","firebase.projects.get","firebasehosting.sites.update"]
[debug] [2022-12-19T16:02:01.747Z] >>> [apiv2][query] POST https://cloudresourcemanager.googleapis.com/v1/projects/stockrain-3d18d:testIamPermissions [none]
[debug] [2022-12-19T16:02:01.748Z] >>> [apiv2][(partial)header] POST https://cloudresourcemanager.googleapis.com/v1/projects/stockrain-3d18d:testIamPermissions x-goog-quota-user=projects/stockrain-3d18d
[debug] [2022-12-19T16:02:01.748Z] >>> [apiv2][body] POST https://cloudresourcemanager.googleapis.com/v1/projects/stockrain-3d18d:testIamPermissions {"permissions":["cloudfunctions.functions.create","cloudfunctions.functions.delete","cloudfunctions.functions.get","cloudfunctions.functions.list","cloudfunctions.functions.update","cloudfunctions.operations.get","firebase.projects.get","firebasehosting.sites.update"]}
[debug] [2022-12-19T16:02:03.222Z] <<< [apiv2][status] POST https://cloudresourcemanager.googleapis.com/v1/projects/stockrain-3d18d:testIamPermissions 200
[debug] [2022-12-19T16:02:03.222Z] <<< [apiv2][body] POST https://cloudresourcemanager.googleapis.com/v1/projects/stockrain-3d18d:testIamPermissions {"permissions":["cloudfunctions.functions.create","cloudfunctions.functions.delete","cloudfunctions.functions.get","cloudfunctions.functions.list","cloudfunctions.functions.update","cloudfunctions.operations.get","firebase.projects.get","firebasehosting.sites.update"]}
[debug] [2022-12-19T16:02:03.223Z] >>> [apiv2][query] POST https://iam.googleapis.com/v1/projects/stockrain-3d18d/serviceAccounts/stockrain-3d18d@appspot.gserviceaccount.com:testIamPermissions [none]
[debug] [2022-12-19T16:02:03.223Z] >>> [apiv2][body] POST https://iam.googleapis.com/v1/projects/stockrain-3d18d/serviceAccounts/stockrain-3d18d@appspot.gserviceaccount.com:testIamPermissions {"permissions":["iam.serviceAccounts.actAs"]}
[debug] [2022-12-19T16:02:04.741Z] <<< [apiv2][status] POST https://iam.googleapis.com/v1/projects/stockrain-3d18d/serviceAccounts/stockrain-3d18d@appspot.gserviceaccount.com:testIamPermissions 200
[debug] [2022-12-19T16:02:04.742Z] <<< [apiv2][body] POST https://iam.googleapis.com/v1/projects/stockrain-3d18d/serviceAccounts/stockrain-3d18d@appspot.gserviceaccount.com:testIamPermissions {"permissions":["iam.serviceAccounts.actAs"]}
[debug] [2022-12-19T16:02:04.745Z] >>> [apiv2][query] GET https://firebase.googleapis.com/v1beta1/projects/stockrain-3d18d [none]
[debug] [2022-12-19T16:02:05.194Z] <<< [apiv2][status] GET https://firebase.googleapis.com/v1beta1/projects/stockrain-3d18d 200
[debug] [2022-12-19T16:02:05.195Z] <<< [apiv2][body] GET https://firebase.googleapis.com/v1beta1/projects/stockrain-3d18d {"projectId":"stockrain-3d18d","projectNumber":"651787294372","displayName":"StockRain","name":"projects/stockrain-3d18d","resources":{"hostingSite":"stockrain-3d18d","realtimeDatabaseInstance":"stockrain-3d18d-default-rtdb","storageBucket":"stockrain-3d18d.appspot.com","locationId":"asia-south1"},"state":"ACTIVE","etag":"1_bc57d0fb-dfda-4c7d-b480-0f85f3511056"}
[info] 
[info] === Deploying to 'stockrain-3d18d'...
[info] 
[info] i  deploying functions, hosting 
[debug] [2022-12-19T16:02:05.200Z] >>> [apiv2][query] GET https://firebase.googleapis.com/v1beta1/projects/stockrain-3d18d [none]
[debug] [2022-12-19T16:02:05.622Z] <<< [apiv2][status] GET https://firebase.googleapis.com/v1beta1/projects/stockrain-3d18d 200
[debug] [2022-12-19T16:02:05.622Z] <<< [apiv2][body] GET https://firebase.googleapis.com/v1beta1/projects/stockrain-3d18d {"projectId":"stockrain-3d18d","projectNumber":"651787294372","displayName":"StockRain","name":"projects/stockrain-3d18d","resources":{"hostingSite":"stockrain-3d18d","realtimeDatabaseInstance":"stockrain-3d18d-default-rtdb","storageBucket":"stockrain-3d18d.appspot.com","locationId":"asia-south1"},"state":"ACTIVE","etag":"1_bc57d0fb-dfda-4c7d-b480-0f85f3511056"}
[info] i  functions: ensuring required API cloudfunctions.googleapis.com is enabled... 
[info] i  functions: ensuring required API cloudbuild.googleapis.com is enabled... 
[info] i  artifactregistry: ensuring required API artifactregistry.googleapis.com is enabled... 
[debug] [2022-12-19T16:02:05.626Z] >>> [apiv2][query] GET https://serviceusage.googleapis.com/v1/projects/stockrain-3d18d/services/cloudfunctions.googleapis.com [none]
[debug] [2022-12-19T16:02:05.627Z] >>> [apiv2][(partial)header] GET https://serviceusage.googleapis.com/v1/projects/stockrain-3d18d/services/cloudfunctions.googleapis.com x-goog-quota-user=projects/stockrain-3d18d
[debug] [2022-12-19T16:02:05.628Z] >>> [apiv2][query] GET https://serviceusage.googleapis.com/v1/projects/stockrain-3d18d/services/runtimeconfig.googleapis.com [none]
[debug] [2022-12-19T16:02:05.628Z] >>> [apiv2][(partial)header] GET https://serviceusage.googleapis.com/v1/projects/stockrain-3d18d/services/runtimeconfig.googleapis.com x-goog-quota-user=projects/stockrain-3d18d
[debug] [2022-12-19T16:02:05.630Z] >>> [apiv2][query] GET https://serviceusage.googleapis.com/v1/projects/stockrain-3d18d/services/cloudbuild.googleapis.com [none]
[debug] [2022-12-19T16:02:05.630Z] >>> [apiv2][(partial)header] GET https://serviceusage.googleapis.com/v1/projects/stockrain-3d18d/services/cloudbuild.googleapis.com x-goog-quota-user=projects/stockrain-3d18d
[debug] [2022-12-19T16:02:05.631Z] >>> [apiv2][query] GET https://serviceusage.googleapis.com/v1/projects/stockrain-3d18d/services/artifactregistry.googleapis.com [none]
[debug] [2022-12-19T16:02:05.631Z] >>> [apiv2][(partial)header] GET https://serviceusage.googleapis.com/v1/projects/stockrain-3d18d/services/artifactregistry.googleapis.com x-goog-quota-user=projects/stockrain-3d18d
[debug] [2022-12-19T16:02:07.603Z] <<< [apiv2][status] GET https://serviceusage.googleapis.com/v1/projects/stockrain-3d18d/services/cloudfunctions.googleapis.com 200
[debug] [2022-12-19T16:02:07.603Z] <<< [apiv2][body] GET https://serviceusage.googleapis.com/v1/projects/stockrain-3d18d/services/cloudfunctions.googleapis.com [omitted]
[info] +  functions: required API cloudfunctions.googleapis.com is enabled 
[debug] [2022-12-19T16:02:07.621Z] <<< [apiv2][status] GET https://serviceusage.googleapis.com/v1/projects/stockrain-3d18d/services/artifactregistry.googleapis.com 200
[debug] [2022-12-19T16:02:07.621Z] <<< [apiv2][body] GET https://serviceusage.googleapis.com/v1/projects/stockrain-3d18d/services/artifactregistry.googleapis.com [omitted]
[info] +  artifactregistry: required API artifactregistry.googleapis.com is enabled 
[debug] [2022-12-19T16:02:07.623Z] <<< [apiv2][status] GET https://serviceusage.googleapis.com/v1/projects/stockrain-3d18d/services/runtimeconfig.googleapis.com 200
[debug] [2022-12-19T16:02:07.623Z] <<< [apiv2][body] GET https://serviceusage.googleapis.com/v1/projects/stockrain-3d18d/services/runtimeconfig.googleapis.com [omitted]
[debug] [2022-12-19T16:02:07.625Z] <<< [apiv2][status] GET https://serviceusage.googleapis.com/v1/projects/stockrain-3d18d/services/cloudbuild.googleapis.com 200
[debug] [2022-12-19T16:02:07.625Z] <<< [apiv2][body] GET https://serviceusage.googleapis.com/v1/projects/stockrain-3d18d/services/cloudbuild.googleapis.com [omitted]
[info] +  functions: required API cloudbuild.googleapis.com is enabled 
[debug] [2022-12-19T16:02:07.626Z] >>> [apiv2][query] GET https://firebase.googleapis.com/v1beta1/projects/stockrain-3d18d/adminSdkConfig [none]
[debug] [2022-12-19T16:02:08.304Z] <<< [apiv2][status] GET https://firebase.googleapis.com/v1beta1/projects/stockrain-3d18d/adminSdkConfig 200
[debug] [2022-12-19T16:02:08.305Z] <<< [apiv2][body] GET https://firebase.googleapis.com/v1beta1/projects/stockrain-3d18d/adminSdkConfig {"projectId":"stockrain-3d18d","databaseURL":"https://stockrain-3d18d-default-rtdb.asia-southeast1.firebasedatabase.app","storageBucket":"stockrain-3d18d.appspot.com","locationId":"asia-south1"}
[debug] [2022-12-19T16:02:08.306Z] >>> [apiv2][query] GET https://runtimeconfig.googleapis.com/v1beta1/projects/stockrain-3d18d/configs [none]
[debug] [2022-12-19T16:02:08.918Z] <<< [apiv2][status] GET https://runtimeconfig.googleapis.com/v1beta1/projects/stockrain-3d18d/configs 200
[debug] [2022-12-19T16:02:08.919Z] <<< [apiv2][body] GET https://runtimeconfig.googleapis.com/v1beta1/projects/stockrain-3d18d/configs {}
[info] i  functions: preparing codebase default for deployment 
[debug] [2022-12-19T16:02:08.925Z] Validating nodejs source
[warn] !  functions: package.json indicates an outdated version of firebase-functions. Please upgrade using npm install --save firebase-functions@latest in your functions directory. 
[warn] !  functions: Please note that there will be breaking changes when you upgrade. 
[debug] [2022-12-19T16:02:11.532Z] > [functions] package.json contents: {
  "name": "functions",
  "description": "Cloud Functions for Firebase",
  "scripts": {
    "serve": "firebase emulators:start --only functions",
    "shell": "firebase functions:shell",
    "start": "npm run shell",
    "deploy": "firebase deploy --only functions",
    "logs": "firebase functions:log"
  },
  "engines": {
    "node": "16"
  },
  "main": "index.js",
  "dependencies": {
    "cors": "^2.8.5",
    "firebase-admin": "^10.0.2",
    "firebase-functions": "^3.18.0"
  },
  "devDependencies": {
    "firebase-functions-test": "^0.2.0"
  },
  "private": true
}
[debug] [2022-12-19T16:02:11.532Z] Building nodejs source
[debug] [2022-12-19T16:02:11.534Z] Could not find functions.yaml. Must use http discovery
[debug] [2022-12-19T16:02:11.794Z] Serving at port 9005

[debug] [2022-12-19T16:02:12.219Z] Got response from /__/functions.yaml {"endpoints":{"getIndex":{"platform":"gcfv1","httpsTrigger":{},"entryPoint":"getIndex"}},"specVersion":"v1alpha1","requiredAPIs":[]}
[debug] [2022-12-19T16:02:12.225Z] shutdown requested via /__/quitquitquit

[info] i  functions: preparing functions directory for uploading... 
[info] i  functions: packaged C:\Users\kille\Documents\Programming\React\stockrain\StockRain\functions (55.23 KB) for uploading 
[debug] [2022-12-19T16:02:12.294Z] >>> [apiv2][query] GET https://cloudfunctions.googleapis.com/v1/projects/stockrain-3d18d/locations/-/functions [none]
[debug] [2022-12-19T16:02:12.995Z] <<< [apiv2][status] GET https://cloudfunctions.googleapis.com/v1/projects/stockrain-3d18d/locations/-/functions 200
[debug] [2022-12-19T16:02:12.996Z] <<< [apiv2][body] GET https://cloudfunctions.googleapis.com/v1/projects/stockrain-3d18d/locations/-/functions {"functions":[{"name":"projects/stockrain-3d18d/locations/us-central1/functions/getIndex","httpsTrigger":{"url":"https://us-central1-stockrain-3d18d.cloudfunctions.net/getIndex","securityLevel":"SECURE_ALWAYS"},"status":"OFFLINE","entryPoint":"getIndex","timeout":"60s","availableMemoryMb":256,"serviceAccountEmail":"stockrain-3d18d@appspot.gserviceaccount.com","updateTime":"2022-12-19T15:16:33.065Z","versionId":"2","labels":{"deployment-tool":"cli-firebase","firebase-functions-hash":"fbe5d87e3b458da3363394bfc69cdbbccce951b6"},"sourceUploadUrl":"https://storage.googleapis.com/uploads-414464008532.us-central1.cloudfunctions.appspot.com/53ce353d-4286-47b4-9596-710812f06e78.zip","environmentVariables":{"FIREBASE_CONFIG":"{\"projectId\":\"stockrain-3d18d\",\"databaseURL\":\"https://stockrain-3d18d-default-rtdb.asia-southeast1.firebasedatabase.app\",\"storageBucket\":\"stockrain-3d18d.appspot.com\",\"locationId\":\"asia-south1\"}","GCLOUD_PROJECT":"stockrain-3d18d","EVENTARC_CLOUD_EVENT_SOURCE":"projects/stockrain-3d18d/locations/us-central1/functions/getIndex"},"runtime":"nodejs16","ingressSettings":"ALLOW_ALL","buildId":"3e2db673-8ccb-4148-8861-98c69caa3007","buildName":"projects/651787294372/locations/us-central1/builds/3e2db673-8ccb-4148-8861-98c69caa3007","dockerRegistry":"ARTIFACT_REGISTRY"}]}
[debug] [2022-12-19T16:02:12.999Z] >>> [apiv2][query] GET https://cloudfunctions.googleapis.com/v2/projects/stockrain-3d18d/locations/-/functions filter=environment%3D%22GEN_2%22
[debug] [2022-12-19T16:02:14.764Z] <<< [apiv2][status] GET https://cloudfunctions.googleapis.com/v2/projects/stockrain-3d18d/locations/-/functions 200
[debug] [2022-12-19T16:02:14.764Z] <<< [apiv2][body] GET https://cloudfunctions.googleapis.com/v2/projects/stockrain-3d18d/locations/-/functions {}
[debug] [2022-12-19T16:02:14.775Z] >>> [apiv2][query] GET https://firebase.googleapis.com/v1beta1/projects/stockrain-3d18d [none]
[debug] [2022-12-19T16:02:15.209Z] <<< [apiv2][status] GET https://firebase.googleapis.com/v1beta1/projects/stockrain-3d18d 200
[debug] [2022-12-19T16:02:15.210Z] <<< [apiv2][body] GET https://firebase.googleapis.com/v1beta1/projects/stockrain-3d18d {"projectId":"stockrain-3d18d","projectNumber":"651787294372","displayName":"StockRain","name":"projects/stockrain-3d18d","resources":{"hostingSite":"stockrain-3d18d","realtimeDatabaseInstance":"stockrain-3d18d-default-rtdb","storageBucket":"stockrain-3d18d.appspot.com","locationId":"asia-south1"},"state":"ACTIVE","etag":"1_bc57d0fb-dfda-4c7d-b480-0f85f3511056"}
[debug] [2022-12-19T16:02:15.221Z] >>> [apiv2][query] POST https://firebasehosting.googleapis.com/v1beta1/projects/-/sites/stockrain-3d18d/versions [none]
[debug] [2022-12-19T16:02:15.222Z] >>> [apiv2][body] POST https://firebasehosting.googleapis.com/v1beta1/projects/-/sites/stockrain-3d18d/versions {"status":"CREATED","labels":{"deployment-tool":"cli-firebase"}}
[debug] [2022-12-19T16:02:17.032Z] <<< [apiv2][status] POST https://firebasehosting.googleapis.com/v1beta1/projects/-/sites/stockrain-3d18d/versions 200
[debug] [2022-12-19T16:02:17.033Z] <<< [apiv2][body] POST https://firebasehosting.googleapis.com/v1beta1/projects/-/sites/stockrain-3d18d/versions {"name":"projects/651787294372/sites/stockrain-3d18d/versions/b197c5c2224a2da9","status":"CREATED","config":{},"labels":{"deployment-tool":"cli-firebase"}}
[debug] [2022-12-19T16:02:17.037Z] >>> [apiv2][query] POST https://cloudfunctions.googleapis.com/v1/projects/stockrain-3d18d/locations/us-central1/functions:generateUploadUrl [none]
[debug] [2022-12-19T16:02:17.037Z] >>> [apiv2][body] POST https://cloudfunctions.googleapis.com/v1/projects/stockrain-3d18d/locations/us-central1/functions:generateUploadUrl {}
[debug] [2022-12-19T16:02:17.867Z] <<< [apiv2][status] POST https://cloudfunctions.googleapis.com/v1/projects/stockrain-3d18d/locations/us-central1/functions:generateUploadUrl 200
[debug] [2022-12-19T16:02:17.868Z] <<< [apiv2][body] POST https://cloudfunctions.googleapis.com/v1/projects/stockrain-3d18d/locations/us-central1/functions:generateUploadUrl {"uploadUrl":"https://storage.googleapis.com/uploads-414464008532.us-central1.cloudfunctions.appspot.com/0003048d-3bf0-4143-8bd2-091e11bbface.zip?GoogleAccessId=service-651787294372@gcf-admin-robot.iam.gserviceaccount.com&Expires=1671467537&Signature=UZejzgZnW5DrY9563AoVatDeV%2FJorqj5LS%2FEkjNa%2BsrCgkfn%2FIJQyJ7AmEArm1fpMJ8zpwQokrNfa00UtcuZsmzWdUWe%2Fnzf8sKcIptTchsr7t9D3k8%2FgXBN1SCPL2kGHBup0rwI5pwUXRq0Lbz7P3UExE5PXwblmAoSXHqOI%2FNied1eK9Kz7r3Em3KilvFvdaOMw%2BoPG2Tz6DDD38FzFyic%2BtSAgYEy%2BZDYD8gTj8UJAt34My06xSpS4SUP2QWt9fwCroNRJr7Our0EmkLoJKjJe8LbrItgbCFRSE4LX6HeYLq9ubVw1rDw5QgGmw3BYo88Y6e0SYC4vJbL2Y6qtQ%3D%3D"}
[debug] [2022-12-19T16:02:17.869Z] >>> [apiv2][query] PUT https://storage.googleapis.com/uploads-414464008532.us-central1.cloudfunctions.appspot.com/0003048d-3bf0-4143-8bd2-091e11bbface.zip GoogleAccessId=service-651787294372%40gcf-admin-robot.iam.gserviceaccount.com&Expires=1671467537&Signature=UZejzgZnW5DrY9563AoVatDeV%2FJorqj5LS%2FEkjNa%2BsrCgkfn%2FIJQyJ7AmEArm1fpMJ8zpwQokrNfa00UtcuZsmzWdUWe%2Fnzf8sKcIptTchsr7t9D3k8%2FgXBN1SCPL2kGHBup0rwI5pwUXRq0Lbz7P3UExE5PXwblmAoSXHqOI%2FNied1eK9Kz7r3Em3KilvFvdaOMw%2BoPG2Tz6DDD38FzFyic%2BtSAgYEy%2BZDYD8gTj8UJAt34My06xSpS4SUP2QWt9fwCroNRJr7Our0EmkLoJKjJe8LbrItgbCFRSE4LX6HeYLq9ubVw1rDw5QgGmw3BYo88Y6e0SYC4vJbL2Y6qtQ%3D%3D
[debug] [2022-12-19T16:02:17.869Z] >>> [apiv2][body] PUT https://storage.googleapis.com/uploads-414464008532.us-central1.cloudfunctions.appspot.com/0003048d-3bf0-4143-8bd2-091e11bbface.zip [stream]
[debug] [2022-12-19T16:02:18.611Z] <<< [apiv2][status] PUT https://storage.googleapis.com/uploads-414464008532.us-central1.cloudfunctions.appspot.com/0003048d-3bf0-4143-8bd2-091e11bbface.zip 200
[debug] [2022-12-19T16:02:18.611Z] <<< [apiv2][body] PUT https://storage.googleapis.com/uploads-414464008532.us-central1.cloudfunctions.appspot.com/0003048d-3bf0-4143-8bd2-091e11bbface.zip [omitted]
[info] +  functions: functions folder uploaded successfully 
[info] i  hosting[stockrain-3d18d]: beginning deploy... 
[info] i  hosting[stockrain-3d18d]: found 40 files in build 
[debug] [2022-12-19T16:02:18.634Z] [hosting] uploading with 200 concurrency
[debug] [2022-12-19T16:02:18.643Z] [hosting] hash cache [YnVpbGQ] stored for 40 files
[debug] [2022-12-19T16:02:18.643Z] [hosting][hash queue][FINAL] {"max":5,"min":1,"avg":1,"active":0,"complete":40,"success":40,"errored":0,"retried":0,"total":40,"elapsed":7}
[debug] [2022-12-19T16:02:18.643Z] >>> [apiv2][query] POST https://firebasehosting.googleapis.com/v1beta1/projects/651787294372/sites/stockrain-3d18d/versions/b197c5c2224a2da9:populateFiles [none]
[debug] [2022-12-19T16:02:18.644Z] >>> [apiv2][body] POST https://firebasehosting.googleapis.com/v1beta1/projects/651787294372/sites/stockrain-3d18d/versions/b197c5c2224a2da9:populateFiles {"files":{"/adminpage.html":"4d13cf8191063fb5fb7acf46334c20fdaf7a29205fae0992e24570676ec3de32","/asset-manifest.json":"56a69d031edb844953b0079be35fa9c6be87e8d4e7ec77d37a5de74766554216","/bank.css":"7bb74ec50afff7ad092c5da15cbcb9032a39ebacad19c444a2c9632ead12a66e","/bank.html":"f8b2723a46b89210940e81e95e60220560ae097cd95fb76c98760aa3917af917","/bank.js":"d8428d8f250943d747a1cf1b58fea606d3861d0e6c5674d14795a08484a7b676","/favicon.ico":"eae62e993eb980ec8a25058c39d5a51feab118bd2100c4deebb2a9c158ec11f9","/index.html":"c66b047742b65a6a114a1c226efdab19b9dfcd5f9a67d85fb4a55a48553dfa37","/logo192.png":"3ee59515172ee198f3be375979df15ac5345183e656720a381b8872b2a39dc8b","/logo512.png":"ee7e2f3fdb8209c4b6fd7bef6ba50d1b9dba30a25bb5c3126df057e1cb6f5331","/manifest.json":"aff3449bdc238776f5d6d967f19ec491b36aed5fb7f23ccff6500736fd58494a","/market.css":"3c96d2356c26b8fb77487ed2b075d18a309c0d80ea6ae22b04acaa0fb2a52e01","/market.html":"97b6fc2dce91dfda0776b925c5a72d088df7141c1cfbe08abc9f045667729ba3","/news.css":"3b97f3cf2ce023d41da4e148cbeb668b035cc19010279b7c80964c3df66848b7","/news.html":"5868632ffd1c15f42b0de149ed368a64b5290665edf54e774bfdfdf6e455234e","/robinhood.css":"3b97f3cf2ce023d41da4e148cbeb668b035cc19010279b7c80964c3df66848b7","/robinhood.html":"087403058b04bc71056a50dd427b675cd771628794aeee33aaab3a19e6c206ee","/robots.txt":"bfe106a3fb878dc83461c86818bf74fc1bdc7f28538ba613cd3e775516ce8b49","/signup.html":"2d113ef8ed906c17d9dad249848b9abd0b536b77886fdf3fcf33c65d057b544f","/style.css":"49144f27eaf6439a7fb5d0c3e0dffbd0f14ca583b3b3320deb5132fdfadf2e51","/transfail.html":"1e3e13358c18370a84d846ff4ce0c0ee4d85115cd80be99b1b892c2827153416","/transuc.css":"d069098233a77c163d647ae6dade1f21887d8f2bb2fea841422db09ad530023e","/transuc.html":"a83b2bf2879e5dda01c498c15bf80a4e08b4f26e996529b81414f1e7f4126b8a","/static/css/main.1622a47f.chunk.css":"18f5a0e2653fce0a3eb5776623265336c9e7febdbb2cadd26aa54ce4377bf60c","/static/css/main.1622a47f.chunk.css.map":"1a5916c38a38d59d82875e8659ed7d5bc0390c2a073e97be8679101529823311","/static/js/2.77119b65.chunk.js":"02c384c70b77b392b0332ceacf8443fe0958c1d9d2f2aaf7f73bd75d14bd9c21","/static/js/2.77119b65.chunk.js.LICENSE.txt":"b17655e73480d1f115f8497cfa084f2d13543c8bdbf3eb372e2c5cf11428bab2","/static/js/2.77119b65.chunk.js.map":"178360dc6865e5f1ed9d67d6b67f542b8517e5f63ab5a34c76bbc8ef35d8aabb","/static/js/3.d9e6faec.chunk.js":"7906d1c9fc30e272e1ee7b6ebafa72d301d460174f42796da4bef41691b9b33c","/static/js/3.d9e6faec.chunk.js.map":"58c39e12231975db293a9013058507aa3b2cce31f3d362d0645f977c51b9af5c","/static/js/main.d27b780b.chunk.js":"d84919882aab8003259374f68dc639d9ca9cd682ff0645a903178fcaf231209d","/static/js/main.d27b780b.chunk.js.map":"9b530ab68c3623525eb8867903b952712d84f55fd68295e54ce3557d609ca3c6","/static/js/runtime-main.27b5164e.js":"edb6cce82cc841c96ecad7004fe20c649fa7bf28f4a074bf64fb06bf331632c1","/static/js/runtime-main.27b5164e.js.map":"987aaf255bff67095f56b2ed4a5be34ee922d494f46bb6ce4c6c0ecc4bf48750","/static/media/stock.ef9ad219.svg":"5c2ca7e17cbcc61acee20ae04193baedfea37da61a574a2d8f61943814383f74","/static/media/StockFinal.86048f5e.svg":"24042994e83c930cb62bfe7e102189cbd1651d87b7c9c6c28840faff00758e3e","/test/next.html":"acd1e55288afc07195e65621f8df35090a4813945b1e09b3987e68ada99cd836","/test/passval.html":"c8114002b82c3dd7ea7e6dc72b03ea1bd4f33ac1eab6e352ee5bee5b7fb7c87d","/test/temp bank.html":"cfa7b4b609da2e28df10910b95bff83c2772e66917cc56f8a3a402d2785691a6","/test/Temp mark.html":"b51a4f68b4f0752138f7971ade03035e6d3d4fa3d9465cc0a248e430881c06e1","/test/train.html":"d7f29d6141a19a4309fab978d728b4193b26650c6b1161272a7d40c7cb6c5765"}}
[debug] [2022-12-19T16:02:19.962Z] <<< [apiv2][status] POST https://firebasehosting.googleapis.com/v1beta1/projects/651787294372/sites/stockrain-3d18d/versions/b197c5c2224a2da9:populateFiles 200
[debug] [2022-12-19T16:02:19.962Z] <<< [apiv2][body] POST https://firebasehosting.googleapis.com/v1beta1/projects/651787294372/sites/stockrain-3d18d/versions/b197c5c2224a2da9:populateFiles {"uploadUrl":"https://upload-firebasehosting.googleapis.com/upload/sites/stockrain-3d18d/versions/b197c5c2224a2da9/files"}
[debug] [2022-12-19T16:02:19.962Z] [hosting][populate queue][FINAL] {"max":1321,"min":1321,"avg":1321,"active":0,"complete":1,"success":1,"errored":0,"retried":0,"total":1,"elapsed":1321}
[debug] [2022-12-19T16:02:19.963Z] [hosting] uploads queued: 0
[debug] [2022-12-19T16:02:19.963Z] [hosting][upload queue][FINAL] {"max":0,"min":9999999999,"avg":0,"active":0,"complete":0,"success":0,"errored":0,"retried":0,"total":0,"elapsed":1671465739963}
[info] +  hosting[stockrain-3d18d]: file upload complete 
[debug] [2022-12-19T16:02:19.964Z] [hosting] deploy completed after 1350ms
[info] i  functions: updating Node.js 16 function getIndex(us-central1)... 
[debug] [2022-12-19T16:02:19.970Z] >>> [apiv2][query] PATCH https://cloudfunctions.googleapis.com/v1/projects/stockrain-3d18d/locations/us-central1/functions/getIndex updateMask=name%2CsourceUploadUrl%2CentryPoint%2Cruntime%2CdockerRegistry%2Clabels%2ChttpsTrigger.securityLevel%2CenvironmentVariables%2CavailableMemoryMb%2CsourceToken
[debug] [2022-12-19T16:02:19.970Z] >>> [apiv2][body] PATCH https://cloudfunctions.googleapis.com/v1/projects/stockrain-3d18d/locations/us-central1/functions/getIndex {"name":"projects/stockrain-3d18d/locations/us-central1/functions/getIndex","sourceUploadUrl":"https://storage.googleapis.com/uploads-414464008532.us-central1.cloudfunctions.appspot.com/0003048d-3bf0-4143-8bd2-091e11bbface.zip?GoogleAccessId=service-651787294372@gcf-admin-robot.iam.gserviceaccount.com&Expires=1671467537&Signature=UZejzgZnW5DrY9563AoVatDeV%2FJorqj5LS%2FEkjNa%2BsrCgkfn%2FIJQyJ7AmEArm1fpMJ8zpwQokrNfa00UtcuZsmzWdUWe%2Fnzf8sKcIptTchsr7t9D3k8%2FgXBN1SCPL2kGHBup0rwI5pwUXRq0Lbz7P3UExE5PXwblmAoSXHqOI%2FNied1eK9Kz7r3Em3KilvFvdaOMw%2BoPG2Tz6DDD38FzFyic%2BtSAgYEy%2BZDYD8gTj8UJAt34My06xSpS4SUP2QWt9fwCroNRJr7Our0EmkLoJKjJe8LbrItgbCFRSE4LX6HeYLq9ubVw1rDw5QgGmw3BYo88Y6e0SYC4vJbL2Y6qtQ%3D%3D","entryPoint":"getIndex","runtime":"nodejs16","dockerRegistry":"ARTIFACT_REGISTRY","labels":{"deployment-tool":"cli-firebase","firebase-functions-hash":"e6bdeee48f9848fa8ee57aca1d05f9e651bcf5a1"},"httpsTrigger":{"securityLevel":"SECURE_ALWAYS"},"environmentVariables":{"FIREBASE_CONFIG":"{\"projectId\":\"stockrain-3d18d\",\"databaseURL\":\"https://stockrain-3d18d-default-rtdb.asia-southeast1.firebasedatabase.app\",\"storageBucket\":\"stockrain-3d18d.appspot.com\",\"locationId\":\"asia-south1\"}","GCLOUD_PROJECT":"stockrain-3d18d","EVENTARC_CLOUD_EVENT_SOURCE":"projects/stockrain-3d18d/locations/us-central1/functions/getIndex"},"availableMemoryMb":256}
[debug] [2022-12-19T16:02:20.808Z] <<< [apiv2][status] PATCH https://cloudfunctions.googleapis.com/v1/projects/stockrain-3d18d/locations/us-central1/functions/getIndex 200
[debug] [2022-12-19T16:02:20.808Z] <<< [apiv2][body] PATCH https://cloudfunctions.googleapis.com/v1/projects/stockrain-3d18d/locations/us-central1/functions/getIndex {"name":"operations/c3RvY2tyYWluLTNkMThkL3VzLWNlbnRyYWwxL2dldEluZGV4L0NNZkNVLU04a1Rn","metadata":{"@type":"type.googleapis.com/google.cloud.functions.v1.OperationMetadataV1","target":"projects/stockrain-3d18d/locations/us-central1/functions/getIndex","type":"UPDATE_FUNCTION","request":{"@type":"type.googleapis.com/google.cloud.functions.v1.CloudFunction","name":"projects/stockrain-3d18d/locations/us-central1/functions/getIndex","httpsTrigger":{"url":"https://us-central1-stockrain-3d18d.cloudfunctions.net/getIndex","securityLevel":"SECURE_ALWAYS"},"status":"OFFLINE","entryPoint":"getIndex","timeout":"60s","availableMemoryMb":256,"serviceAccountEmail":"stockrain-3d18d@appspot.gserviceaccount.com","updateTime":"2022-12-19T15:16:33.065Z","versionId":"2","labels":{"deployment-tool":"cli-firebase","firebase-functions-hash":"e6bdeee48f9848fa8ee57aca1d05f9e651bcf5a1"},"sourceUploadUrl":"https://storage.googleapis.com/uploads-414464008532.us-central1.cloudfunctions.appspot.com/0003048d-3bf0-4143-8bd2-091e11bbface.zip?GoogleAccessId=service-651787294372@gcf-admin-robot.iam.gserviceaccount.com&Expires=1671467537&Signature=UZejzgZnW5DrY9563AoVatDeV%2FJorqj5LS%2FEkjNa%2BsrCgkfn%2FIJQyJ7AmEArm1fpMJ8zpwQokrNfa00UtcuZsmzWdUWe%2Fnzf8sKcIptTchsr7t9D3k8%2FgXBN1SCPL2kGHBup0rwI5pwUXRq0Lbz7P3UExE5PXwblmAoSXHqOI%2FNied1eK9Kz7r3Em3KilvFvdaOMw%2BoPG2Tz6DDD38FzFyic%2BtSAgYEy%2BZDYD8gTj8UJAt34My06xSpS4SUP2QWt9fwCroNRJr7Our0EmkLoJKjJe8LbrItgbCFRSE4LX6HeYLq9ubVw1rDw5QgGmw3BYo88Y6e0SYC4vJbL2Y6qtQ%3D%3D","environmentVariables":{"FIREBASE_CONFIG":"{\"projectId\":\"stockrain-3d18d\",\"databaseURL\":\"https://stockrain-3d18d-default-rtdb.asia-southeast1.firebasedatabase.app\",\"storageBucket\":\"stockrain-3d18d.appspot.com\",\"locationId\":\"asia-south1\"}","GCLOUD_PROJECT":"stockrain-3d18d","EVENTARC_CLOUD_EVENT_SOURCE":"projects/stockrain-3d18d/locations/us-central1/functions/getIndex"},"runtime":"nodejs16","ingressSettings":"ALLOW_ALL","buildId":"3e2db673-8ccb-4148-8861-98c69caa3007","buildName":"projects/651787294372/locations/us-central1/builds/3e2db673-8ccb-4148-8861-98c69caa3007","dockerRegistry":"ARTIFACT_REGISTRY"},"versionId":"3","updateTime":"2022-12-19T16:02:20Z"}}
[debug] [2022-12-19T16:02:20.809Z] >>> [apiv2][query] GET https://cloudfunctions.googleapis.com/v1/operations/c3RvY2tyYWluLTNkMThkL3VzLWNlbnRyYWwxL2dldEluZGV4L0NNZkNVLU04a1Rn [none]
[debug] [2022-12-19T16:02:21.292Z] <<< [apiv2][status] GET https://cloudfunctions.googleapis.com/v1/operations/c3RvY2tyYWluLTNkMThkL3VzLWNlbnRyYWwxL2dldEluZGV4L0NNZkNVLU04a1Rn 200
[debug] [2022-12-19T16:02:21.292Z] <<< [apiv2][body] GET https://cloudfunctions.googleapis.com/v1/operations/c3RvY2tyYWluLTNkMThkL3VzLWNlbnRyYWwxL2dldEluZGV4L0NNZkNVLU04a1Rn {"name":"operations/c3RvY2tyYWluLTNkMThkL3VzLWNlbnRyYWwxL2dldEluZGV4L0NNZkNVLU04a1Rn","metadata":{"@type":"type.googleapis.com/google.cloud.functions.v1.OperationMetadataV1","target":"projects/stockrain-3d18d/locations/us-central1/functions/getIndex","type":"UPDATE_FUNCTION","request":{"@type":"type.googleapis.com/google.cloud.functions.v1.CloudFunction","name":"projects/stockrain-3d18d/locations/us-central1/functions/getIndex","httpsTrigger":{"url":"https://us-central1-stockrain-3d18d.cloudfunctions.net/getIndex","securityLevel":"SECURE_ALWAYS"},"status":"OFFLINE","entryPoint":"getIndex","timeout":"60s","availableMemoryMb":256,"serviceAccountEmail":"stockrain-3d18d@appspot.gserviceaccount.com","updateTime":"2022-12-19T15:16:33.065Z","versionId":"2","labels":{"deployment-tool":"cli-firebase","firebase-functions-hash":"e6bdeee48f9848fa8ee57aca1d05f9e651bcf5a1"},"sourceUploadUrl":"https://storage.googleapis.com/uploads-414464008532.us-central1.cloudfunctions.appspot.com/0003048d-3bf0-4143-8bd2-091e11bbface.zip?GoogleAccessId=service-651787294372@gcf-admin-robot.iam.gserviceaccount.com&Expires=1671467537&Signature=UZejzgZnW5DrY9563AoVatDeV%2FJorqj5LS%2FEkjNa%2BsrCgkfn%2FIJQyJ7AmEArm1fpMJ8zpwQokrNfa00UtcuZsmzWdUWe%2Fnzf8sKcIptTchsr7t9D3k8%2FgXBN1SCPL2kGHBup0rwI5pwUXRq0Lbz7P3UExE5PXwblmAoSXHqOI%2FNied1eK9Kz7r3Em3KilvFvdaOMw%2BoPG2Tz6DDD38FzFyic%2BtSAgYEy%2BZDYD8gTj8UJAt34My06xSpS4SUP2QWt9fwCroNRJr7Our0EmkLoJKjJe8LbrItgbCFRSE4LX6HeYLq9ubVw1rDw5QgGmw3BYo88Y6e0SYC4vJbL2Y6qtQ%3D%3D","environmentVariables":{"FIREBASE_CONFIG":"{\"projectId\":\"stockrain-3d18d\",\"databaseURL\":\"https://stockrain-3d18d-default-rtdb.asia-southeast1.firebasedatabase.app\",\"storageBucket\":\"stockrain-3d18d.appspot.com\",\"locationId\":\"asia-south1\"}","GCLOUD_PROJECT":"stockrain-3d18d","EVENTARC_CLOUD_EVENT_SOURCE":"projects/stockrain-3d18d/locations/us-central1/functions/getIndex"},"runtime":"nodejs16","ingressSettings":"ALLOW_ALL","buildId":"3e2db673-8ccb-4148-8861-98c69caa3007","buildName":"projects/651787294372/locations/us-central1/builds/3e2db673-8ccb-4148-8861-98c69caa3007","dockerRegistry":"ARTIFACT_REGISTRY"},"versionId":"3","updateTime":"2022-12-19T16:02:20Z"}}
[debug] [2022-12-19T16:02:21.794Z] [update-default-us-central1-getIndex] Retrying task index 0
[debug] [2022-12-19T16:02:21.794Z] >>> [apiv2][query] GET https://cloudfunctions.googleapis.com/v1/operations/c3RvY2tyYWluLTNkMThkL3VzLWNlbnRyYWwxL2dldEluZGV4L0NNZkNVLU04a1Rn [none]
[debug] [2022-12-19T16:02:22.255Z] <<< [apiv2][status] GET https://cloudfunctions.googleapis.com/v1/operations/c3RvY2tyYWluLTNkMThkL3VzLWNlbnRyYWwxL2dldEluZGV4L0NNZkNVLU04a1Rn 200
[debug] [2022-12-19T16:02:22.255Z] <<< [apiv2][body] GET https://cloudfunctions.googleapis.com/v1/operations/c3RvY2tyYWluLTNkMThkL3VzLWNlbnRyYWwxL2dldEluZGV4L0NNZkNVLU04a1Rn {"name":"operations/c3RvY2tyYWluLTNkMThkL3VzLWNlbnRyYWwxL2dldEluZGV4L0NNZkNVLU04a1Rn","metadata":{"@type":"type.googleapis.com/google.cloud.functions.v1.OperationMetadataV1","target":"projects/stockrain-3d18d/locations/us-central1/functions/getIndex","type":"UPDATE_FUNCTION","request":{"@type":"type.googleapis.com/google.cloud.functions.v1.CloudFunction","name":"projects/stockrain-3d18d/locations/us-central1/functions/getIndex","httpsTrigger":{"url":"https://us-central1-stockrain-3d18d.cloudfunctions.net/getIndex","securityLevel":"SECURE_ALWAYS"},"status":"OFFLINE","entryPoint":"getIndex","timeout":"60s","availableMemoryMb":256,"serviceAccountEmail":"stockrain-3d18d@appspot.gserviceaccount.com","updateTime":"2022-12-19T15:16:33.065Z","versionId":"2","labels":{"deployment-tool":"cli-firebase","firebase-functions-hash":"e6bdeee48f9848fa8ee57aca1d05f9e651bcf5a1"},"sourceUploadUrl":"https://storage.googleapis.com/uploads-414464008532.us-central1.cloudfunctions.appspot.com/0003048d-3bf0-4143-8bd2-091e11bbface.zip?GoogleAccessId=service-651787294372@gcf-admin-robot.iam.gserviceaccount.com&Expires=1671467537&Signature=UZejzgZnW5DrY9563AoVatDeV%2FJorqj5LS%2FEkjNa%2BsrCgkfn%2FIJQyJ7AmEArm1fpMJ8zpwQokrNfa00UtcuZsmzWdUWe%2Fnzf8sKcIptTchsr7t9D3k8%2FgXBN1SCPL2kGHBup0rwI5pwUXRq0Lbz7P3UExE5PXwblmAoSXHqOI%2FNied1eK9Kz7r3Em3KilvFvdaOMw%2BoPG2Tz6DDD38FzFyic%2BtSAgYEy%2BZDYD8gTj8UJAt34My06xSpS4SUP2QWt9fwCroNRJr7Our0EmkLoJKjJe8LbrItgbCFRSE4LX6HeYLq9ubVw1rDw5QgGmw3BYo88Y6e0SYC4vJbL2Y6qtQ%3D%3D","environmentVariables":{"FIREBASE_CONFIG":"{\"projectId\":\"stockrain-3d18d\",\"databaseURL\":\"https://stockrain-3d18d-default-rtdb.asia-southeast1.firebasedatabase.app\",\"storageBucket\":\"stockrain-3d18d.appspot.com\",\"locationId\":\"asia-south1\"}","GCLOUD_PROJECT":"stockrain-3d18d","EVENTARC_CLOUD_EVENT_SOURCE":"projects/stockrain-3d18d/locations/us-central1/functions/getIndex"},"runtime":"nodejs16","ingressSettings":"ALLOW_ALL","buildId":"3e2db673-8ccb-4148-8861-98c69caa3007","buildName":"projects/651787294372/locations/us-central1/builds/3e2db673-8ccb-4148-8861-98c69caa3007","dockerRegistry":"ARTIFACT_REGISTRY"},"versionId":"3","updateTime":"2022-12-19T16:02:20Z","buildId":"0bbd1806-ed1f-4f8b-9770-0041ae15d535","buildName":"projects/651787294372/locations/us-central1/builds/0bbd1806-ed1f-4f8b-9770-0041ae15d535"}}
[debug] [2022-12-19T16:02:23.255Z] [update-default-us-central1-getIndex] Retrying task index 0
[debug] [2022-12-19T16:02:23.256Z] >>> [apiv2][query] GET https://cloudfunctions.googleapis.com/v1/operations/c3RvY2tyYWluLTNkMThkL3VzLWNlbnRyYWwxL2dldEluZGV4L0NNZkNVLU04a1Rn [none]
[debug] [2022-12-19T16:02:23.695Z] <<< [apiv2][status] GET https://cloudfunctions.googleapis.com/v1/operations/c3RvY2tyYWluLTNkMThkL3VzLWNlbnRyYWwxL2dldEluZGV4L0NNZkNVLU04a1Rn 200
[debug] [2022-12-19T16:02:23.695Z] <<< [apiv2][body] GET https://cloudfunctions.googleapis.com/v1/operations/c3RvY2tyYWluLTNkMThkL3VzLWNlbnRyYWwxL2dldEluZGV4L0NNZkNVLU04a1Rn {"name":"operations/c3RvY2tyYWluLTNkMThkL3VzLWNlbnRyYWwxL2dldEluZGV4L0NNZkNVLU04a1Rn","metadata":{"@type":"type.googleapis.com/google.cloud.functions.v1.OperationMetadataV1","target":"projects/stockrain-3d18d/locations/us-central1/functions/getIndex","type":"UPDATE_FUNCTION","request":{"@type":"type.googleapis.com/google.cloud.functions.v1.CloudFunction","name":"projects/stockrain-3d18d/locations/us-central1/functions/getIndex","httpsTrigger":{"url":"https://us-central1-stockrain-3d18d.cloudfunctions.net/getIndex","securityLevel":"SECURE_ALWAYS"},"status":"OFFLINE","entryPoint":"getIndex","timeout":"60s","availableMemoryMb":256,"serviceAccountEmail":"stockrain-3d18d@appspot.gserviceaccount.com","updateTime":"2022-12-19T15:16:33.065Z","versionId":"2","labels":{"deployment-tool":"cli-firebase","firebase-functions-hash":"e6bdeee48f9848fa8ee57aca1d05f9e651bcf5a1"},"sourceUploadUrl":"https://storage.googleapis.com/uploads-414464008532.us-central1.cloudfunctions.appspot.com/0003048d-3bf0-4143-8bd2-091e11bbface.zip?GoogleAccessId=service-651787294372@gcf-admin-robot.iam.gserviceaccount.com&Expires=1671467537&Signature=UZejzgZnW5DrY9563AoVatDeV%2FJorqj5LS%2FEkjNa%2BsrCgkfn%2FIJQyJ7AmEArm1fpMJ8zpwQokrNfa00UtcuZsmzWdUWe%2Fnzf8sKcIptTchsr7t9D3k8%2FgXBN1SCPL2kGHBup0rwI5pwUXRq0Lbz7P3UExE5PXwblmAoSXHqOI%2FNied1eK9Kz7r3Em3KilvFvdaOMw%2BoPG2Tz6DDD38FzFyic%2BtSAgYEy%2BZDYD8gTj8UJAt34My06xSpS4SUP2QWt9fwCroNRJr7Our0EmkLoJKjJe8LbrItgbCFRSE4LX6HeYLq9ubVw1rDw5QgGmw3BYo88Y6e0SYC4vJbL2Y6qtQ%3D%3D","environmentVariables":{"FIREBASE_CONFIG":"{\"projectId\":\"stockrain-3d18d\",\"databaseURL\":\"https://stockrain-3d18d-default-rtdb.asia-southeast1.firebasedatabase.app\",\"storageBucket\":\"stockrain-3d18d.appspot.com\",\"locationId\":\"asia-south1\"}","GCLOUD_PROJECT":"stockrain-3d18d","EVENTARC_CLOUD_EVENT_SOURCE":"projects/stockrain-3d18d/locations/us-central1/functions/getIndex"},"runtime":"nodejs16","ingressSettings":"ALLOW_ALL","buildId":"3e2db673-8ccb-4148-8861-98c69caa3007","buildName":"projects/651787294372/locations/us-central1/builds/3e2db673-8ccb-4148-8861-98c69caa3007","dockerRegistry":"ARTIFACT_REGISTRY"},"versionId":"3","updateTime":"2022-12-19T16:02:20Z","buildId":"0bbd1806-ed1f-4f8b-9770-0041ae15d535","buildName":"projects/651787294372/locations/us-central1/builds/0bbd1806-ed1f-4f8b-9770-0041ae15d535"}}
[debug] [2022-12-19T16:02:25.695Z] [update-default-us-central1-getIndex] Retrying task index 0
[debug] [2022-12-19T16:02:25.695Z] >>> [apiv2][query] GET https://cloudfunctions.googleapis.com/v1/operations/c3RvY2tyYWluLTNkMThkL3VzLWNlbnRyYWwxL2dldEluZGV4L0NNZkNVLU04a1Rn [none]
[debug] [2022-12-19T16:02:26.278Z] <<< [apiv2][status] GET https://cloudfunctions.googleapis.com/v1/operations/c3RvY2tyYWluLTNkMThkL3VzLWNlbnRyYWwxL2dldEluZGV4L0NNZkNVLU04a1Rn 200
[debug] [2022-12-19T16:02:26.279Z] <<< [apiv2][body] GET https://cloudfunctions.googleapis.com/v1/operations/c3RvY2tyYWluLTNkMThkL3VzLWNlbnRyYWwxL2dldEluZGV4L0NNZkNVLU04a1Rn {"name":"operations/c3RvY2tyYWluLTNkMThkL3VzLWNlbnRyYWwxL2dldEluZGV4L0NNZkNVLU04a1Rn","metadata":{"@type":"type.googleapis.com/google.cloud.functions.v1.OperationMetadataV1","target":"projects/stockrain-3d18d/locations/us-central1/functions/getIndex","type":"UPDATE_FUNCTION","request":{"@type":"type.googleapis.com/google.cloud.functions.v1.CloudFunction","name":"projects/stockrain-3d18d/locations/us-central1/functions/getIndex","httpsTrigger":{"url":"https://us-central1-stockrain-3d18d.cloudfunctions.net/getIndex","securityLevel":"SECURE_ALWAYS"},"status":"OFFLINE","entryPoint":"getIndex","timeout":"60s","availableMemoryMb":256,"serviceAccountEmail":"stockrain-3d18d@appspot.gserviceaccount.com","updateTime":"2022-12-19T15:16:33.065Z","versionId":"2","labels":{"deployment-tool":"cli-firebase","firebase-functions-hash":"e6bdeee48f9848fa8ee57aca1d05f9e651bcf5a1"},"sourceUploadUrl":"https://storage.googleapis.com/uploads-414464008532.us-central1.cloudfunctions.appspot.com/0003048d-3bf0-4143-8bd2-091e11bbface.zip?GoogleAccessId=service-651787294372@gcf-admin-robot.iam.gserviceaccount.com&Expires=1671467537&Signature=UZejzgZnW5DrY9563AoVatDeV%2FJorqj5LS%2FEkjNa%2BsrCgkfn%2FIJQyJ7AmEArm1fpMJ8zpwQokrNfa00UtcuZsmzWdUWe%2Fnzf8sKcIptTchsr7t9D3k8%2FgXBN1SCPL2kGHBup0rwI5pwUXRq0Lbz7P3UExE5PXwblmAoSXHqOI%2FNied1eK9Kz7r3Em3KilvFvdaOMw%2BoPG2Tz6DDD38FzFyic%2BtSAgYEy%2BZDYD8gTj8UJAt34My06xSpS4SUP2QWt9fwCroNRJr7Our0EmkLoJKjJe8LbrItgbCFRSE4LX6HeYLq9ubVw1rDw5QgGmw3BYo88Y6e0SYC4vJbL2Y6qtQ%3D%3D","environmentVariables":{"FIREBASE_CONFIG":"{\"projectId\":\"stockrain-3d18d\",\"databaseURL\":\"https://stockrain-3d18d-default-rtdb.asia-southeast1.firebasedatabase.app\",\"storageBucket\":\"stockrain-3d18d.appspot.com\",\"locationId\":\"asia-south1\"}","GCLOUD_PROJECT":"stockrain-3d18d","EVENTARC_CLOUD_EVENT_SOURCE":"projects/stockrain-3d18d/locations/us-central1/functions/getIndex"},"runtime":"nodejs16","ingressSettings":"ALLOW_ALL","buildId":"3e2db673-8ccb-4148-8861-98c69caa3007","buildName":"projects/651787294372/locations/us-central1/builds/3e2db673-8ccb-4148-8861-98c69caa3007","dockerRegistry":"ARTIFACT_REGISTRY"},"versionId":"3","updateTime":"2022-12-19T16:02:20Z","buildId":"0bbd1806-ed1f-4f8b-9770-0041ae15d535","buildName":"projects/651787294372/locations/us-central1/builds/0bbd1806-ed1f-4f8b-9770-0041ae15d535"}}
[debug] [2022-12-19T16:02:30.280Z] [update-default-us-central1-getIndex] Retrying task index 0
[debug] [2022-12-19T16:02:30.280Z] >>> [apiv2][query] GET https://cloudfunctions.googleapis.com/v1/operations/c3RvY2tyYWluLTNkMThkL3VzLWNlbnRyYWwxL2dldEluZGV4L0NNZkNVLU04a1Rn [none]
[debug] [2022-12-19T16:02:30.757Z] <<< [apiv2][status] GET https://cloudfunctions.googleapis.com/v1/operations/c3RvY2tyYWluLTNkMThkL3VzLWNlbnRyYWwxL2dldEluZGV4L0NNZkNVLU04a1Rn 200
[debug] [2022-12-19T16:02:30.757Z] <<< [apiv2][body] GET https://cloudfunctions.googleapis.com/v1/operations/c3RvY2tyYWluLTNkMThkL3VzLWNlbnRyYWwxL2dldEluZGV4L0NNZkNVLU04a1Rn {"name":"operations/c3RvY2tyYWluLTNkMThkL3VzLWNlbnRyYWwxL2dldEluZGV4L0NNZkNVLU04a1Rn","metadata":{"@type":"type.googleapis.com/google.cloud.functions.v1.OperationMetadataV1","target":"projects/stockrain-3d18d/locations/us-central1/functions/getIndex","type":"UPDATE_FUNCTION","request":{"@type":"type.googleapis.com/google.cloud.functions.v1.CloudFunction","name":"projects/stockrain-3d18d/locations/us-central1/functions/getIndex","httpsTrigger":{"url":"https://us-central1-stockrain-3d18d.cloudfunctions.net/getIndex","securityLevel":"SECURE_ALWAYS"},"status":"OFFLINE","entryPoint":"getIndex","timeout":"60s","availableMemoryMb":256,"serviceAccountEmail":"stockrain-3d18d@appspot.gserviceaccount.com","updateTime":"2022-12-19T15:16:33.065Z","versionId":"2","labels":{"deployment-tool":"cli-firebase","firebase-functions-hash":"e6bdeee48f9848fa8ee57aca1d05f9e651bcf5a1"},"sourceUploadUrl":"https://storage.googleapis.com/uploads-414464008532.us-central1.cloudfunctions.appspot.com/0003048d-3bf0-4143-8bd2-091e11bbface.zip?GoogleAccessId=service-651787294372@gcf-admin-robot.iam.gserviceaccount.com&Expires=1671467537&Signature=UZejzgZnW5DrY9563AoVatDeV%2FJorqj5LS%2FEkjNa%2BsrCgkfn%2FIJQyJ7AmEArm1fpMJ8zpwQokrNfa00UtcuZsmzWdUWe%2Fnzf8sKcIptTchsr7t9D3k8%2FgXBN1SCPL2kGHBup0rwI5pwUXRq0Lbz7P3UExE5PXwblmAoSXHqOI%2FNied1eK9Kz7r3Em3KilvFvdaOMw%2BoPG2Tz6DDD38FzFyic%2BtSAgYEy%2BZDYD8gTj8UJAt34My06xSpS4SUP2QWt9fwCroNRJr7Our0EmkLoJKjJe8LbrItgbCFRSE4LX6HeYLq9ubVw1rDw5QgGmw3BYo88Y6e0SYC4vJbL2Y6qtQ%3D%3D","environmentVariables":{"FIREBASE_CONFIG":"{\"projectId\":\"stockrain-3d18d\",\"databaseURL\":\"https://stockrain-3d18d-default-rtdb.asia-southeast1.firebasedatabase.app\",\"storageBucket\":\"stockrain-3d18d.appspot.com\",\"locationId\":\"asia-south1\"}","GCLOUD_PROJECT":"stockrain-3d18d","EVENTARC_CLOUD_EVENT_SOURCE":"projects/stockrain-3d18d/locations/us-central1/functions/getIndex"},"runtime":"nodejs16","ingressSettings":"ALLOW_ALL","buildId":"3e2db673-8ccb-4148-8861-98c69caa3007","buildName":"projects/651787294372/locations/us-central1/builds/3e2db673-8ccb-4148-8861-98c69caa3007","dockerRegistry":"ARTIFACT_REGISTRY"},"versionId":"3","updateTime":"2022-12-19T16:02:20Z","buildId":"0bbd1806-ed1f-4f8b-9770-0041ae15d535","buildName":"projects/651787294372/locations/us-central1/builds/0bbd1806-ed1f-4f8b-9770-0041ae15d535"}}
[debug] [2022-12-19T16:02:38.757Z] [update-default-us-central1-getIndex] Retrying task index 0
[debug] [2022-12-19T16:02:38.758Z] >>> [apiv2][query] GET https://cloudfunctions.googleapis.com/v1/operations/c3RvY2tyYWluLTNkMThkL3VzLWNlbnRyYWwxL2dldEluZGV4L0NNZkNVLU04a1Rn [none]
[debug] [2022-12-19T16:02:39.218Z] <<< [apiv2][status] GET https://cloudfunctions.googleapis.com/v1/operations/c3RvY2tyYWluLTNkMThkL3VzLWNlbnRyYWwxL2dldEluZGV4L0NNZkNVLU04a1Rn 200
[debug] [2022-12-19T16:02:39.219Z] <<< [apiv2][body] GET https://cloudfunctions.googleapis.com/v1/operations/c3RvY2tyYWluLTNkMThkL3VzLWNlbnRyYWwxL2dldEluZGV4L0NNZkNVLU04a1Rn {"name":"operations/c3RvY2tyYWluLTNkMThkL3VzLWNlbnRyYWwxL2dldEluZGV4L0NNZkNVLU04a1Rn","metadata":{"@type":"type.googleapis.com/google.cloud.functions.v1.OperationMetadataV1","target":"projects/stockrain-3d18d/locations/us-central1/functions/getIndex","type":"UPDATE_FUNCTION","request":{"@type":"type.googleapis.com/google.cloud.functions.v1.CloudFunction","name":"projects/stockrain-3d18d/locations/us-central1/functions/getIndex","httpsTrigger":{"url":"https://us-central1-stockrain-3d18d.cloudfunctions.net/getIndex","securityLevel":"SECURE_ALWAYS"},"status":"OFFLINE","entryPoint":"getIndex","timeout":"60s","availableMemoryMb":256,"serviceAccountEmail":"stockrain-3d18d@appspot.gserviceaccount.com","updateTime":"2022-12-19T15:16:33.065Z","versionId":"2","labels":{"deployment-tool":"cli-firebase","firebase-functions-hash":"e6bdeee48f9848fa8ee57aca1d05f9e651bcf5a1"},"sourceUploadUrl":"https://storage.googleapis.com/uploads-414464008532.us-central1.cloudfunctions.appspot.com/0003048d-3bf0-4143-8bd2-091e11bbface.zip?GoogleAccessId=service-651787294372@gcf-admin-robot.iam.gserviceaccount.com&Expires=1671467537&Signature=UZejzgZnW5DrY9563AoVatDeV%2FJorqj5LS%2FEkjNa%2BsrCgkfn%2FIJQyJ7AmEArm1fpMJ8zpwQokrNfa00UtcuZsmzWdUWe%2Fnzf8sKcIptTchsr7t9D3k8%2FgXBN1SCPL2kGHBup0rwI5pwUXRq0Lbz7P3UExE5PXwblmAoSXHqOI%2FNied1eK9Kz7r3Em3KilvFvdaOMw%2BoPG2Tz6DDD38FzFyic%2BtSAgYEy%2BZDYD8gTj8UJAt34My06xSpS4SUP2QWt9fwCroNRJr7Our0EmkLoJKjJe8LbrItgbCFRSE4LX6HeYLq9ubVw1rDw5QgGmw3BYo88Y6e0SYC4vJbL2Y6qtQ%3D%3D","environmentVariables":{"FIREBASE_CONFIG":"{\"projectId\":\"stockrain-3d18d\",\"databaseURL\":\"https://stockrain-3d18d-default-rtdb.asia-southeast1.firebasedatabase.app\",\"storageBucket\":\"stockrain-3d18d.appspot.com\",\"locationId\":\"asia-south1\"}","GCLOUD_PROJECT":"stockrain-3d18d","EVENTARC_CLOUD_EVENT_SOURCE":"projects/stockrain-3d18d/locations/us-central1/functions/getIndex"},"runtime":"nodejs16","ingressSettings":"ALLOW_ALL","buildId":"3e2db673-8ccb-4148-8861-98c69caa3007","buildName":"projects/651787294372/locations/us-central1/builds/3e2db673-8ccb-4148-8861-98c69caa3007","dockerRegistry":"ARTIFACT_REGISTRY"},"versionId":"3","updateTime":"2022-12-19T16:02:20Z","buildId":"0bbd1806-ed1f-4f8b-9770-0041ae15d535","buildName":"projects/651787294372/locations/us-central1/builds/0bbd1806-ed1f-4f8b-9770-0041ae15d535"}}
[debug] [2022-12-19T16:02:49.218Z] [update-default-us-central1-getIndex] Retrying task index 0
[debug] [2022-12-19T16:02:49.219Z] >>> [apiv2][query] GET https://cloudfunctions.googleapis.com/v1/operations/c3RvY2tyYWluLTNkMThkL3VzLWNlbnRyYWwxL2dldEluZGV4L0NNZkNVLU04a1Rn [none]
[debug] [2022-12-19T16:02:49.648Z] <<< [apiv2][status] GET https://cloudfunctions.googleapis.com/v1/operations/c3RvY2tyYWluLTNkMThkL3VzLWNlbnRyYWwxL2dldEluZGV4L0NNZkNVLU04a1Rn 200
[debug] [2022-12-19T16:02:49.648Z] <<< [apiv2][body] GET https://cloudfunctions.googleapis.com/v1/operations/c3RvY2tyYWluLTNkMThkL3VzLWNlbnRyYWwxL2dldEluZGV4L0NNZkNVLU04a1Rn {"name":"operations/c3RvY2tyYWluLTNkMThkL3VzLWNlbnRyYWwxL2dldEluZGV4L0NNZkNVLU04a1Rn","metadata":{"@type":"type.googleapis.com/google.cloud.functions.v1.OperationMetadataV1","target":"projects/stockrain-3d18d/locations/us-central1/functions/getIndex","type":"UPDATE_FUNCTION","request":{"@type":"type.googleapis.com/google.cloud.functions.v1.CloudFunction","name":"projects/stockrain-3d18d/locations/us-central1/functions/getIndex","httpsTrigger":{"url":"https://us-central1-stockrain-3d18d.cloudfunctions.net/getIndex","securityLevel":"SECURE_ALWAYS"},"status":"OFFLINE","entryPoint":"getIndex","timeout":"60s","availableMemoryMb":256,"serviceAccountEmail":"stockrain-3d18d@appspot.gserviceaccount.com","updateTime":"2022-12-19T15:16:33.065Z","versionId":"2","labels":{"deployment-tool":"cli-firebase","firebase-functions-hash":"e6bdeee48f9848fa8ee57aca1d05f9e651bcf5a1"},"sourceUploadUrl":"https://storage.googleapis.com/uploads-414464008532.us-central1.cloudfunctions.appspot.com/0003048d-3bf0-4143-8bd2-091e11bbface.zip?GoogleAccessId=service-651787294372@gcf-admin-robot.iam.gserviceaccount.com&Expires=1671467537&Signature=UZejzgZnW5DrY9563AoVatDeV%2FJorqj5LS%2FEkjNa%2BsrCgkfn%2FIJQyJ7AmEArm1fpMJ8zpwQokrNfa00UtcuZsmzWdUWe%2Fnzf8sKcIptTchsr7t9D3k8%2FgXBN1SCPL2kGHBup0rwI5pwUXRq0Lbz7P3UExE5PXwblmAoSXHqOI%2FNied1eK9Kz7r3Em3KilvFvdaOMw%2BoPG2Tz6DDD38FzFyic%2BtSAgYEy%2BZDYD8gTj8UJAt34My06xSpS4SUP2QWt9fwCroNRJr7Our0EmkLoJKjJe8LbrItgbCFRSE4LX6HeYLq9ubVw1rDw5QgGmw3BYo88Y6e0SYC4vJbL2Y6qtQ%3D%3D","environmentVariables":{"FIREBASE_CONFIG":"{\"projectId\":\"stockrain-3d18d\",\"databaseURL\":\"https://stockrain-3d18d-default-rtdb.asia-southeast1.firebasedatabase.app\",\"storageBucket\":\"stockrain-3d18d.appspot.com\",\"locationId\":\"asia-south1\"}","GCLOUD_PROJECT":"stockrain-3d18d","EVENTARC_CLOUD_EVENT_SOURCE":"projects/stockrain-3d18d/locations/us-central1/functions/getIndex"},"runtime":"nodejs16","ingressSettings":"ALLOW_ALL","buildId":"3e2db673-8ccb-4148-8861-98c69caa3007","buildName":"projects/651787294372/locations/us-central1/builds/3e2db673-8ccb-4148-8861-98c69caa3007","dockerRegistry":"ARTIFACT_REGISTRY"},"versionId":"3","updateTime":"2022-12-19T16:02:20Z","buildId":"0bbd1806-ed1f-4f8b-9770-0041ae15d535","buildName":"projects/651787294372/locations/us-central1/builds/0bbd1806-ed1f-4f8b-9770-0041ae15d535"}}
[debug] [2022-12-19T16:02:59.649Z] [update-default-us-central1-getIndex] Retrying task index 0
[debug] [2022-12-19T16:02:59.650Z] >>> [apiv2][query] GET https://cloudfunctions.googleapis.com/v1/operations/c3RvY2tyYWluLTNkMThkL3VzLWNlbnRyYWwxL2dldEluZGV4L0NNZkNVLU04a1Rn [none]
[debug] [2022-12-19T16:03:00.466Z] <<< [apiv2][status] GET https://cloudfunctions.googleapis.com/v1/operations/c3RvY2tyYWluLTNkMThkL3VzLWNlbnRyYWwxL2dldEluZGV4L0NNZkNVLU04a1Rn 200
[debug] [2022-12-19T16:03:00.467Z] <<< [apiv2][body] GET https://cloudfunctions.googleapis.com/v1/operations/c3RvY2tyYWluLTNkMThkL3VzLWNlbnRyYWwxL2dldEluZGV4L0NNZkNVLU04a1Rn {"name":"operations/c3RvY2tyYWluLTNkMThkL3VzLWNlbnRyYWwxL2dldEluZGV4L0NNZkNVLU04a1Rn","metadata":{"@type":"type.googleapis.com/google.cloud.functions.v1.OperationMetadataV1","target":"projects/stockrain-3d18d/locations/us-central1/functions/getIndex","type":"UPDATE_FUNCTION","request":{"@type":"type.googleapis.com/google.cloud.functions.v1.CloudFunction","name":"projects/stockrain-3d18d/locations/us-central1/functions/getIndex","httpsTrigger":{"url":"https://us-central1-stockrain-3d18d.cloudfunctions.net/getIndex","securityLevel":"SECURE_ALWAYS"},"status":"OFFLINE","entryPoint":"getIndex","timeout":"60s","availableMemoryMb":256,"serviceAccountEmail":"stockrain-3d18d@appspot.gserviceaccount.com","updateTime":"2022-12-19T15:16:33.065Z","versionId":"2","labels":{"deployment-tool":"cli-firebase","firebase-functions-hash":"e6bdeee48f9848fa8ee57aca1d05f9e651bcf5a1"},"sourceUploadUrl":"https://storage.googleapis.com/uploads-414464008532.us-central1.cloudfunctions.appspot.com/0003048d-3bf0-4143-8bd2-091e11bbface.zip?GoogleAccessId=service-651787294372@gcf-admin-robot.iam.gserviceaccount.com&Expires=1671467537&Signature=UZejzgZnW5DrY9563AoVatDeV%2FJorqj5LS%2FEkjNa%2BsrCgkfn%2FIJQyJ7AmEArm1fpMJ8zpwQokrNfa00UtcuZsmzWdUWe%2Fnzf8sKcIptTchsr7t9D3k8%2FgXBN1SCPL2kGHBup0rwI5pwUXRq0Lbz7P3UExE5PXwblmAoSXHqOI%2FNied1eK9Kz7r3Em3KilvFvdaOMw%2BoPG2Tz6DDD38FzFyic%2BtSAgYEy%2BZDYD8gTj8UJAt34My06xSpS4SUP2QWt9fwCroNRJr7Our0EmkLoJKjJe8LbrItgbCFRSE4LX6HeYLq9ubVw1rDw5QgGmw3BYo88Y6e0SYC4vJbL2Y6qtQ%3D%3D","environmentVariables":{"FIREBASE_CONFIG":"{\"projectId\":\"stockrain-3d18d\",\"databaseURL\":\"https://stockrain-3d18d-default-rtdb.asia-southeast1.firebasedatabase.app\",\"storageBucket\":\"stockrain-3d18d.appspot.com\",\"locationId\":\"asia-south1\"}","GCLOUD_PROJECT":"stockrain-3d18d","EVENTARC_CLOUD_EVENT_SOURCE":"projects/stockrain-3d18d/locations/us-central1/functions/getIndex"},"runtime":"nodejs16","ingressSettings":"ALLOW_ALL","buildId":"3e2db673-8ccb-4148-8861-98c69caa3007","buildName":"projects/651787294372/locations/us-central1/builds/3e2db673-8ccb-4148-8861-98c69caa3007","dockerRegistry":"ARTIFACT_REGISTRY"},"versionId":"3","updateTime":"2022-12-19T16:02:20Z","buildId":"0bbd1806-ed1f-4f8b-9770-0041ae15d535","buildName":"projects/651787294372/locations/us-central1/builds/0bbd1806-ed1f-4f8b-9770-0041ae15d535"}}
[debug] [2022-12-19T16:03:10.468Z] [update-default-us-central1-getIndex] Retrying task index 0
[debug] [2022-12-19T16:03:10.469Z] >>> [apiv2][query] GET https://cloudfunctions.googleapis.com/v1/operations/c3RvY2tyYWluLTNkMThkL3VzLWNlbnRyYWwxL2dldEluZGV4L0NNZkNVLU04a1Rn [none]
[debug] [2022-12-19T16:03:10.905Z] <<< [apiv2][status] GET https://cloudfunctions.googleapis.com/v1/operations/c3RvY2tyYWluLTNkMThkL3VzLWNlbnRyYWwxL2dldEluZGV4L0NNZkNVLU04a1Rn 200
[debug] [2022-12-19T16:03:10.905Z] <<< [apiv2][body] GET https://cloudfunctions.googleapis.com/v1/operations/c3RvY2tyYWluLTNkMThkL3VzLWNlbnRyYWwxL2dldEluZGV4L0NNZkNVLU04a1Rn {"name":"operations/c3RvY2tyYWluLTNkMThkL3VzLWNlbnRyYWwxL2dldEluZGV4L0NNZkNVLU04a1Rn","metadata":{"@type":"type.googleapis.com/google.cloud.functions.v1.OperationMetadataV1","target":"projects/stockrain-3d18d/locations/us-central1/functions/getIndex","type":"UPDATE_FUNCTION","request":{"@type":"type.googleapis.com/google.cloud.functions.v1.CloudFunction","name":"projects/stockrain-3d18d/locations/us-central1/functions/getIndex","httpsTrigger":{"url":"https://us-central1-stockrain-3d18d.cloudfunctions.net/getIndex","securityLevel":"SECURE_ALWAYS"},"status":"OFFLINE","entryPoint":"getIndex","timeout":"60s","availableMemoryMb":256,"serviceAccountEmail":"stockrain-3d18d@appspot.gserviceaccount.com","updateTime":"2022-12-19T15:16:33.065Z","versionId":"2","labels":{"deployment-tool":"cli-firebase","firebase-functions-hash":"e6bdeee48f9848fa8ee57aca1d05f9e651bcf5a1"},"sourceUploadUrl":"https://storage.googleapis.com/uploads-414464008532.us-central1.cloudfunctions.appspot.com/0003048d-3bf0-4143-8bd2-091e11bbface.zip?GoogleAccessId=service-651787294372@gcf-admin-robot.iam.gserviceaccount.com&Expires=1671467537&Signature=UZejzgZnW5DrY9563AoVatDeV%2FJorqj5LS%2FEkjNa%2BsrCgkfn%2FIJQyJ7AmEArm1fpMJ8zpwQokrNfa00UtcuZsmzWdUWe%2Fnzf8sKcIptTchsr7t9D3k8%2FgXBN1SCPL2kGHBup0rwI5pwUXRq0Lbz7P3UExE5PXwblmAoSXHqOI%2FNied1eK9Kz7r3Em3KilvFvdaOMw%2BoPG2Tz6DDD38FzFyic%2BtSAgYEy%2BZDYD8gTj8UJAt34My06xSpS4SUP2QWt9fwCroNRJr7Our0EmkLoJKjJe8LbrItgbCFRSE4LX6HeYLq9ubVw1rDw5QgGmw3BYo88Y6e0SYC4vJbL2Y6qtQ%3D%3D","environmentVariables":{"FIREBASE_CONFIG":"{\"projectId\":\"stockrain-3d18d\",\"databaseURL\":\"https://stockrain-3d18d-default-rtdb.asia-southeast1.firebasedatabase.app\",\"storageBucket\":\"stockrain-3d18d.appspot.com\",\"locationId\":\"asia-south1\"}","GCLOUD_PROJECT":"stockrain-3d18d","EVENTARC_CLOUD_EVENT_SOURCE":"projects/stockrain-3d18d/locations/us-central1/functions/getIndex"},"runtime":"nodejs16","ingressSettings":"ALLOW_ALL","buildId":"3e2db673-8ccb-4148-8861-98c69caa3007","buildName":"projects/651787294372/locations/us-central1/builds/3e2db673-8ccb-4148-8861-98c69caa3007","dockerRegistry":"ARTIFACT_REGISTRY"},"versionId":"3","updateTime":"2022-12-19T16:02:20Z","buildId":"0bbd1806-ed1f-4f8b-9770-0041ae15d535","buildName":"projects/651787294372/locations/us-central1/builds/0bbd1806-ed1f-4f8b-9770-0041ae15d535"}}
[debug] [2022-12-19T16:03:20.906Z] [update-default-us-central1-getIndex] Retrying task index 0
[debug] [2022-12-19T16:03:20.907Z] >>> [apiv2][query] GET https://cloudfunctions.googleapis.com/v1/operations/c3RvY2tyYWluLTNkMThkL3VzLWNlbnRyYWwxL2dldEluZGV4L0NNZkNVLU04a1Rn [none]
[debug] [2022-12-19T16:03:21.369Z] <<< [apiv2][status] GET https://cloudfunctions.googleapis.com/v1/operations/c3RvY2tyYWluLTNkMThkL3VzLWNlbnRyYWwxL2dldEluZGV4L0NNZkNVLU04a1Rn 200
[debug] [2022-12-19T16:03:21.369Z] <<< [apiv2][body] GET https://cloudfunctions.googleapis.com/v1/operations/c3RvY2tyYWluLTNkMThkL3VzLWNlbnRyYWwxL2dldEluZGV4L0NNZkNVLU04a1Rn {"name":"operations/c3RvY2tyYWluLTNkMThkL3VzLWNlbnRyYWwxL2dldEluZGV4L0NNZkNVLU04a1Rn","metadata":{"@type":"type.googleapis.com/google.cloud.functions.v1.OperationMetadataV1","target":"projects/stockrain-3d18d/locations/us-central1/functions/getIndex","type":"UPDATE_FUNCTION","request":{"@type":"type.googleapis.com/google.cloud.functions.v1.CloudFunction","name":"projects/stockrain-3d18d/locations/us-central1/functions/getIndex","httpsTrigger":{"url":"https://us-central1-stockrain-3d18d.cloudfunctions.net/getIndex","securityLevel":"SECURE_ALWAYS"},"status":"OFFLINE","entryPoint":"getIndex","timeout":"60s","availableMemoryMb":256,"serviceAccountEmail":"stockrain-3d18d@appspot.gserviceaccount.com","updateTime":"2022-12-19T15:16:33.065Z","versionId":"2","labels":{"deployment-tool":"cli-firebase","firebase-functions-hash":"e6bdeee48f9848fa8ee57aca1d05f9e651bcf5a1"},"sourceUploadUrl":"https://storage.googleapis.com/uploads-414464008532.us-central1.cloudfunctions.appspot.com/0003048d-3bf0-4143-8bd2-091e11bbface.zip?GoogleAccessId=service-651787294372@gcf-admin-robot.iam.gserviceaccount.com&Expires=1671467537&Signature=UZejzgZnW5DrY9563AoVatDeV%2FJorqj5LS%2FEkjNa%2BsrCgkfn%2FIJQyJ7AmEArm1fpMJ8zpwQokrNfa00UtcuZsmzWdUWe%2Fnzf8sKcIptTchsr7t9D3k8%2FgXBN1SCPL2kGHBup0rwI5pwUXRq0Lbz7P3UExE5PXwblmAoSXHqOI%2FNied1eK9Kz7r3Em3KilvFvdaOMw%2BoPG2Tz6DDD38FzFyic%2BtSAgYEy%2BZDYD8gTj8UJAt34My06xSpS4SUP2QWt9fwCroNRJr7Our0EmkLoJKjJe8LbrItgbCFRSE4LX6HeYLq9ubVw1rDw5QgGmw3BYo88Y6e0SYC4vJbL2Y6qtQ%3D%3D","environmentVariables":{"FIREBASE_CONFIG":"{\"projectId\":\"stockrain-3d18d\",\"databaseURL\":\"https://stockrain-3d18d-default-rtdb.asia-southeast1.firebasedatabase.app\",\"storageBucket\":\"stockrain-3d18d.appspot.com\",\"locationId\":\"asia-south1\"}","GCLOUD_PROJECT":"stockrain-3d18d","EVENTARC_CLOUD_EVENT_SOURCE":"projects/stockrain-3d18d/locations/us-central1/functions/getIndex"},"runtime":"nodejs16","ingressSettings":"ALLOW_ALL","buildId":"3e2db673-8ccb-4148-8861-98c69caa3007","buildName":"projects/651787294372/locations/us-central1/builds/3e2db673-8ccb-4148-8861-98c69caa3007","dockerRegistry":"ARTIFACT_REGISTRY"},"versionId":"3","updateTime":"2022-12-19T16:02:20Z","buildId":"0bbd1806-ed1f-4f8b-9770-0041ae15d535","sourceToken":"f02023bc-9e83-4008-a68d-0b70208a7c20","buildName":"projects/651787294372/locations/us-central1/builds/0bbd1806-ed1f-4f8b-9770-0041ae15d535"}}
[debug] [2022-12-19T16:03:21.369Z] Got source token f02023bc-9e83-4008-a68d-0b70208a7c20 for region us-central1
[debug] [2022-12-19T16:03:31.370Z] [update-default-us-central1-getIndex] Retrying task index 0
[debug] [2022-12-19T16:03:31.371Z] >>> [apiv2][query] GET https://cloudfunctions.googleapis.com/v1/operations/c3RvY2tyYWluLTNkMThkL3VzLWNlbnRyYWwxL2dldEluZGV4L0NNZkNVLU04a1Rn [none]
[debug] [2022-12-19T16:03:31.825Z] <<< [apiv2][status] GET https://cloudfunctions.googleapis.com/v1/operations/c3RvY2tyYWluLTNkMThkL3VzLWNlbnRyYWwxL2dldEluZGV4L0NNZkNVLU04a1Rn 200
[debug] [2022-12-19T16:03:31.826Z] <<< [apiv2][body] GET https://cloudfunctions.googleapis.com/v1/operations/c3RvY2tyYWluLTNkMThkL3VzLWNlbnRyYWwxL2dldEluZGV4L0NNZkNVLU04a1Rn {"name":"operations/c3RvY2tyYWluLTNkMThkL3VzLWNlbnRyYWwxL2dldEluZGV4L0NNZkNVLU04a1Rn","metadata":{"@type":"type.googleapis.com/google.cloud.functions.v1.OperationMetadataV1","target":"projects/stockrain-3d18d/locations/us-central1/functions/getIndex","type":"UPDATE_FUNCTION","request":{"@type":"type.googleapis.com/google.cloud.functions.v1.CloudFunction","name":"projects/stockrain-3d18d/locations/us-central1/functions/getIndex","httpsTrigger":{"url":"https://us-central1-stockrain-3d18d.cloudfunctions.net/getIndex","securityLevel":"SECURE_ALWAYS"},"status":"OFFLINE","entryPoint":"getIndex","timeout":"60s","availableMemoryMb":256,"serviceAccountEmail":"stockrain-3d18d@appspot.gserviceaccount.com","updateTime":"2022-12-19T15:16:33.065Z","versionId":"2","labels":{"deployment-tool":"cli-firebase","firebase-functions-hash":"e6bdeee48f9848fa8ee57aca1d05f9e651bcf5a1"},"sourceUploadUrl":"https://storage.googleapis.com/uploads-414464008532.us-central1.cloudfunctions.appspot.com/0003048d-3bf0-4143-8bd2-091e11bbface.zip?GoogleAccessId=service-651787294372@gcf-admin-robot.iam.gserviceaccount.com&Expires=1671467537&Signature=UZejzgZnW5DrY9563AoVatDeV%2FJorqj5LS%2FEkjNa%2BsrCgkfn%2FIJQyJ7AmEArm1fpMJ8zpwQokrNfa00UtcuZsmzWdUWe%2Fnzf8sKcIptTchsr7t9D3k8%2FgXBN1SCPL2kGHBup0rwI5pwUXRq0Lbz7P3UExE5PXwblmAoSXHqOI%2FNied1eK9Kz7r3Em3KilvFvdaOMw%2BoPG2Tz6DDD38FzFyic%2BtSAgYEy%2BZDYD8gTj8UJAt34My06xSpS4SUP2QWt9fwCroNRJr7Our0EmkLoJKjJe8LbrItgbCFRSE4LX6HeYLq9ubVw1rDw5QgGmw3BYo88Y6e0SYC4vJbL2Y6qtQ%3D%3D","environmentVariables":{"FIREBASE_CONFIG":"{\"projectId\":\"stockrain-3d18d\",\"databaseURL\":\"https://stockrain-3d18d-default-rtdb.asia-southeast1.firebasedatabase.app\",\"storageBucket\":\"stockrain-3d18d.appspot.com\",\"locationId\":\"asia-south1\"}","GCLOUD_PROJECT":"stockrain-3d18d","EVENTARC_CLOUD_EVENT_SOURCE":"projects/stockrain-3d18d/locations/us-central1/functions/getIndex"},"runtime":"nodejs16","ingressSettings":"ALLOW_ALL","buildId":"3e2db673-8ccb-4148-8861-98c69caa3007","buildName":"projects/651787294372/locations/us-central1/builds/3e2db673-8ccb-4148-8861-98c69caa3007","dockerRegistry":"ARTIFACT_REGISTRY"},"versionId":"3","updateTime":"2022-12-19T16:03:26Z","buildId":"0bbd1806-ed1f-4f8b-9770-0041ae15d535","sourceToken":"f02023bc-9e83-4008-a68d-0b70208a7c20","buildName":"projects/651787294372/locations/us-central1/builds/0bbd1806-ed1f-4f8b-9770-0041ae15d535"},"done":true,"error":{"code":3,"message":"Function failed on loading user code. This is likely due to a bug in the user code. Error message: Error: please examine your function logs to see the error cause: https://cloud.google.com/functions/docs/monitoring/logging#viewing_logs. Additional troubleshooting documentation can be found at https://cloud.google.com/functions/docs/troubleshooting#logging. Please visit https://cloud.google.com/functions/docs/troubleshooting for in-depth troubleshooting documentation."}}
[debug] [2022-12-19T16:03:31.826Z] Got source token f02023bc-9e83-4008-a68d-0b70208a7c20 for region us-central1
[error] Function failed on loading user code. This is likely due to a bug in the user code. Error message: Error: please examine your function logs to see the error cause: https://cloud.google.com/functions/docs/monitoring/logging#viewing_logs. Additional troubleshooting documentation can be found at https://cloud.google.com/functions/docs/troubleshooting#logging. Please visit https://cloud.google.com/functions/docs/troubleshooting for in-depth troubleshooting documentation.
[debug] [2022-12-19T16:03:31.834Z] Total Function Deployment time: 71860
[debug] [2022-12-19T16:03:31.834Z] 1 Functions Deployed
[debug] [2022-12-19T16:03:31.834Z] 1 Functions Errored
[debug] [2022-12-19T16:03:31.834Z] 0 Function Deployments Aborted
[debug] [2022-12-19T16:03:31.835Z] Average Function Deployment time: 71859
[info] 
[info] Functions deploy had errors with the following functions:
	getIndex(us-central1)
[debug] [2022-12-19T16:03:31.992Z] Not printing URL for HTTPS function. Typically this means it didn't match a filter or we failed deployment
[info] i  functions: cleaning up build files... 
[debug] [2022-12-19T16:03:31.996Z] >>> [apiv2][query] DELETE https://artifactregistry.googleapis.com/v1beta2/projects/stockrain-3d18d/locations/us-central1/repositories/gcf-artifacts/packages/get_index [none]
[debug] [2022-12-19T16:03:31.998Z] >>> [apiv2][query] GET https://us.gcr.io/v2/stockrain-3d18d/gcf/us-central1/tags/list [none]
[debug] [2022-12-19T16:03:32.518Z] <<< [apiv2][status] GET https://us.gcr.io/v2/stockrain-3d18d/gcf/us-central1/tags/list 200
[debug] [2022-12-19T16:03:32.519Z] <<< [apiv2][body] GET https://us.gcr.io/v2/stockrain-3d18d/gcf/us-central1/tags/list {"child":[],"manifest":{},"name":"stockrain-3d18d/gcf/us-central1","tags":[]}
[debug] [2022-12-19T16:03:32.519Z] Could not find image for function projects/stockrain-3d18d/locations/us-central1/functions/getIndex
[debug] [2022-12-19T16:03:33.631Z] <<< [apiv2][status] DELETE https://artifactregistry.googleapis.com/v1beta2/projects/stockrain-3d18d/locations/us-central1/repositories/gcf-artifacts/packages/get_index 200
[debug] [2022-12-19T16:03:33.631Z] <<< [apiv2][body] DELETE https://artifactregistry.googleapis.com/v1beta2/projects/stockrain-3d18d/locations/us-central1/repositories/gcf-artifacts/packages/get_index {"name":"projects/stockrain-3d18d/locations/us-central1/operations/e0897de4-5f6e-4603-80d1-d088da227087","metadata":{"@type":"type.googleapis.com/google.devtools.artifactregistry.v1beta2.OperationMetadata"}}
[debug] [2022-12-19T16:03:33.631Z] >>> [apiv2][query] GET https://artifactregistry.googleapis.com/v1beta2/projects/stockrain-3d18d/locations/us-central1/operations/e0897de4-5f6e-4603-80d1-d088da227087 [none]
[debug] [2022-12-19T16:03:35.092Z] <<< [apiv2][status] GET https://artifactregistry.googleapis.com/v1beta2/projects/stockrain-3d18d/locations/us-central1/operations/e0897de4-5f6e-4603-80d1-d088da227087 200
[debug] [2022-12-19T16:03:35.092Z] <<< [apiv2][body] GET https://artifactregistry.googleapis.com/v1beta2/projects/stockrain-3d18d/locations/us-central1/operations/e0897de4-5f6e-4603-80d1-d088da227087 {"name":"projects/stockrain-3d18d/locations/us-central1/operations/e0897de4-5f6e-4603-80d1-d088da227087","metadata":{"@type":"type.googleapis.com/google.devtools.artifactregistry.v1beta2.OperationMetadata"},"done":true,"response":{"@type":"type.googleapis.com/google.protobuf.Empty"}}
[debug] [2022-12-19T16:03:35.093Z] Functions deploy failed.
[debug] [2022-12-19T16:03:35.093Z] {
  "endpoint": {
    "id": "getIndex",
    "project": "stockrain-3d18d",
    "region": "us-central1",
    "entryPoint": "getIndex",
    "platform": "gcfv1",
    "runtime": "nodejs16",
    "httpsTrigger": {},
    "environmentVariables": {
      "FIREBASE_CONFIG": "{\"projectId\":\"stockrain-3d18d\",\"databaseURL\":\"https://stockrain-3d18d-default-rtdb.asia-southeast1.firebasedatabase.app\",\"storageBucket\":\"stockrain-3d18d.appspot.com\",\"locationId\":\"asia-south1\"}",
      "GCLOUD_PROJECT": "stockrain-3d18d",
      "EVENTARC_CLOUD_EVENT_SOURCE": "projects/stockrain-3d18d/locations/us-central1/functions/getIndex"
    },
    "codebase": "default",
    "availableMemoryMb": 256,
    "securityLevel": "SECURE_ALWAYS",
    "targetedByOnly": false,
    "hash": "e6bdeee48f9848fa8ee57aca1d05f9e651bcf5a1",
    "labels": {
      "deployment-tool": "cli-firebase"
    }
  },
  "op": "update",
  "original": {
    "name": "FirebaseError",
    "children": [],
    "exit": 1,
    "message": "Function failed on loading user code. This is likely due to a bug in the user code. Error message: Error: please examine your function logs to see the error cause: https://cloud.google.com/functions/docs/monitoring/logging#viewing_logs. Additional troubleshooting documentation can be found at https://cloud.google.com/functions/docs/troubleshooting#logging. Please visit https://cloud.google.com/functions/docs/troubleshooting for in-depth troubleshooting documentation.",
    "status": 3
  }
}
[debug] [2022-12-19T16:03:35.281Z] Error: Failed to update function getIndex in region us-central1
    at C:\Users\kille\AppData\Roaming\npm\node_modules\firebase-tools\lib\deploy\functions\release\fabricator.js:41:11
    at processTicksAndRejections (node:internal/process/task_queues:96:5)
    at async Fabricator.updateV1Function (C:\Users\kille\AppData\Roaming\npm\node_modules\firebase-tools\lib\deploy\functions\release\fabricator.js:304:32)
    at async Fabricator.updateEndpoint (C:\Users\kille\AppData\Roaming\npm\node_modules\firebase-tools\lib\deploy\functions\release\fabricator.js:140:13)
    at async handle (C:\Users\kille\AppData\Roaming\npm\node_modules\firebase-tools\lib\deploy\functions\release\fabricator.js:78:17)
[error] 
[error] Error: There was an error deploying functions
