[debug] [2022-12-09T05:44:31.080Z] ----------------------------------------------------------------------
[debug] [2022-12-09T05:44:31.085Z] Command:       C:\Program Files\nodejs\node.exe C:\Program Files\nodejs\node_modules\firebase-tools\lib\bin\firebase.js init functions
[debug] [2022-12-09T05:44:31.086Z] CLI Version:   11.17.0
[debug] [2022-12-09T05:44:31.087Z] Platform:      win32
[debug] [2022-12-09T05:44:31.087Z] Node Version:  v16.12.0
[debug] [2022-12-09T05:44:31.089Z] Time:          Fri Dec 09 2022 11:14:31 GMT+0530 (India Standard Time)
[debug] [2022-12-09T05:44:31.090Z] ----------------------------------------------------------------------
[debug] 
[debug] [2022-12-09T05:44:31.240Z] > command requires scopes: ["email","openid","https://www.googleapis.com/auth/cloudplatformprojects.readonly","https://www.googleapis.com/auth/firebase","https://www.googleapis.com/auth/cloud-platform"]
[debug] [2022-12-09T05:44:31.240Z] > authorizing via signed-in user (arjavatripathi5@gmail.com)
[info] 
     ######## #### ########  ######## ########     ###     ######  ########
     ##        ##  ##     ## ##       ##     ##  ##   ##  ##       ##
     ######    ##  ########  ######   ########  #########  ######  ######
     ##        ##  ##    ##  ##       ##     ## ##     ##       ## ##
     ##       #### ##     ## ######## ########  ##     ##  ######  ########

You're about to initialize a Firebase project in this directory:

  C:\Users\arna\OneDrive\Documents\Programming\StockRain\stockrain

Before we get started, keep in mind:

  * You are initializing within an existing Firebase project directory

[info] 
=== Project Setup
[info] 
[info] First, let's associate this project directory with a Firebase project.
[info] You can create multiple project aliases by running firebase use --add, 
[info] but for now we'll just set up a default project.
[info] 
[debug] [2022-12-09T05:44:38.165Z] Using project from CLI flag: stockrain-3d18d
[debug] [2022-12-09T05:44:38.171Z] >>> [apiv2][query] GET https://firebase.googleapis.com/v1beta1/projects/stockrain-3d18d [none]
[debug] [2022-12-09T05:44:59.256Z] Failed to make request to https://firebase.googleapis.com/v1beta1/projects/stockrain-3d18d
[debug] [2022-12-09T05:44:59.270Z] FirebaseError: Failed to make request to https://firebase.googleapis.com/v1beta1/projects/stockrain-3d18d
    at RetryOperation._fn (C:\Users\arna\AppData\Roaming\nvm\v16.12.0\node_modules\firebase-tools\lib\apiv2.js:242:31)
    at processTicksAndRejections (node:internal/process/task_queues:96:5)
[error] 
[error] Error: Failed to get Firebase project stockrain-3d18d. Please make sure the project exists and your account has permission to access it.
[debug] [2022-12-09T05:45:19.135Z] ----------------------------------------------------------------------
[debug] [2022-12-09T05:45:19.137Z] Command:       C:\Program Files\nodejs\node.exe C:\Program Files\nodejs\node_modules\firebase-tools\lib\bin\firebase.js init
[debug] [2022-12-09T05:45:19.138Z] CLI Version:   11.17.0
[debug] [2022-12-09T05:45:19.138Z] Platform:      win32
[debug] [2022-12-09T05:45:19.138Z] Node Version:  v16.12.0
[debug] [2022-12-09T05:45:19.139Z] Time:          Fri Dec 09 2022 11:15:19 GMT+0530 (India Standard Time)
[debug] [2022-12-09T05:45:19.139Z] ----------------------------------------------------------------------
[debug] 
[debug] [2022-12-09T05:45:19.323Z] > command requires scopes: ["email","openid","https://www.googleapis.com/auth/cloudplatformprojects.readonly","https://www.googleapis.com/auth/firebase","https://www.googleapis.com/auth/cloud-platform"]
[debug] [2022-12-09T05:45:19.323Z] > authorizing via signed-in user (arjavatripathi5@gmail.com)
[info] 
     ######## #### ########  ######## ########     ###     ######  ########
     ##        ##  ##     ## ##       ##     ##  ##   ##  ##       ##
     ######    ##  ########  ######   ########  #########  ######  ######
     ##        ##  ##    ##  ##       ##     ## ##     ##       ## ##
     ##       #### ##     ## ######## ########  ##     ##  ######  ########

You're about to initialize a Firebase project in this directory:

  C:\Users\arna\OneDrive\Documents\Programming\StockRain\stockrain

Before we get started, keep in mind:

  * You are initializing within an existing Firebase project directory

